<?xml version="1.0" encoding="UTF-8"?>
<testsuite name="marsrover.CoordinatesSpec" tests="6" skipped="0" failures="0" errors="0" timestamp="2015-02-27T23:39:09" hostname="Andrews-MacBook-Pro-3.local" time="0.07">
  <properties/>
  <testcase name="moveShouldDecreaseYWhenDirectionIsSouth" classname="marsrover.CoordinatesSpec" time="0.056"/>
  <testcase name="moveShouldIncreaseYWhenDirectionIsNorth" classname="marsrover.CoordinatesSpec" time="0.001"/>
  <testcase name="toStringShouldReturnXandY" classname="marsrover.CoordinatesSpec" time="0.004"/>
  <testcase name="newInstanceShouldSetXAndYParams" classname="marsrover.CoordinatesSpec" time="0.001"/>
  <testcase name="moveShouldIncreaseXWhenDirectionIsEast" classname="marsrover.CoordinatesSpec" time="0.001"/>
  <testcase name="moveShouldDecreaseXWhenDirectionIsWest" classname="marsrover.CoordinatesSpec" time="0.001"/>
  <system-out><![CDATA[]]></system-out>
  <system-err><![CDATA[]]></system-err>
</testsuite>
