<?xml version="1.0" encoding="UTF-8"?>
<testsuite name="marsrover.PointSpec" tests="3" skipped="0" failures="0" errors="0" timestamp="2015-02-27T10:45:03" hostname="Andrews-MacBook-Pro-3.local" time="0.035">
  <properties/>
  <testcase name="newInstanceShouldSetLocationAndMaxLocationParams" classname="marsrover.PointSpec" time="0.034"/>
  <testcase name="getBackwardLocationShouldDecreasePointValueByOne" classname="marsrover.PointSpec" time="0.0"/>
  <testcase name="getForwardLocationShouldIncreasePointValueByOne" classname="marsrover.PointSpec" time="0.0"/>
  <system-out><![CDATA[]]></system-out>
  <system-err><![CDATA[]]></system-err>
</testsuite>
