<?xml version="1.0" encoding="UTF-8"?>
<testsuite name="marsrover.RoverSpec" tests="9" skipped="0" failures="0" errors="0" timestamp="2015-03-01T10:06:07" hostname="Andrews-MacBook-Pro-3.local" time="0.01">
  <properties/>
  <testcase name="receiveSingleCommandShouldMoveBackwardWhenCommandIsB" classname="marsrover.RoverSpec" time="0.0"/>
  <testcase name="newInstanceShouldSetRoverCoordinatesAndDirection" classname="marsrover.RoverSpec" time="0.004"/>
  <testcase name="receiveSingleCommandShouldMoveForwardWhenCommandIsF" classname="marsrover.RoverSpec" time="0.0"/>
  <testcase name="positionShouldReturnXYAndDirection" classname="marsrover.RoverSpec" time="0.0"/>
  <testcase name="receiveSingleCommandShouldTurnLeftWhenCommandIsL" classname="marsrover.RoverSpec" time="0.0"/>
  <testcase name="receiveCommandShouldWrapFromOneEdgeOfGridToTheOther" classname="marsrover.RoverSpec" time="0.0"/>
  <testcase name="receiveCommandsShouldBeAbleToReceiveMultipleCommands" classname="marsrover.RoverSpec" time="0.0"/>
  <testcase name="receiveSingleCommandShouldThrowExceptionWhenCommandIsUnknown" classname="marsrover.RoverSpec" time="0.001"/>
  <testcase name="receiveSingleCommandShouldTurnRightWhenCommandIsR" classname="marsrover.RoverSpec" time="0.0"/>
  <system-out><![CDATA[]]></system-out>
  <system-err><![CDATA[]]></system-err>
</testsuite>
