<?xml version="1.0" encoding="UTF-8"?>
<testsuite name="marsrover.CoordinatesSpec" tests="7" skipped="0" failures="0" errors="0" timestamp="2015-03-01T09:17:57" hostname="Andrews-MacBook-Pro-3.local" time="0.082">
  <properties/>
  <testcase name="moveShouldDecreaseYWhenDirectionIsSouth" classname="marsrover.CoordinatesSpec" time="0.061"/>
  <testcase name="newInstanceShouldSetDirection" classname="marsrover.CoordinatesSpec" time="0.001"/>
  <testcase name="moveShouldIncreaseYWhenDirectionIsNorth" classname="marsrover.CoordinatesSpec" time="0.001"/>
  <testcase name="toStringShouldReturnXandY" classname="marsrover.CoordinatesSpec" time="0.004"/>
  <testcase name="newInstanceShouldSetXAndYParams" classname="marsrover.CoordinatesSpec" time="0.007"/>
  <testcase name="moveShouldIncreaseXWhenDirectionIsEast" classname="marsrover.CoordinatesSpec" time="0.003"/>
  <testcase name="moveShouldDecreaseXWhenDirectionIsWest" classname="marsrover.CoordinatesSpec" time="0.001"/>
  <system-out><![CDATA[19
19
19
19
19
19
19
]]></system-out>
  <system-err><![CDATA[]]></system-err>
</testsuite>
