<?xml version="1.0" encoding="UTF-8"?>
<testsuite name="marsrover.PointSpec" tests="5" skipped="0" failures="0" errors="0" timestamp="2015-02-27T22:43:21" hostname="Andrews-MacBook-Pro-3.local" time="0.004">
  <properties/>
  <testcase name="newInstanceShouldSetLocationAndMaxLocationParams" classname="marsrover.PointSpec" time="0.003"/>
  <testcase name="getBackwardLocationShouldDecreasePointValueByOne" classname="marsrover.PointSpec" time="0.0"/>
  <testcase name="getForwardLocationShouldSetValueToZeroIfMaxLocationIsPassed" classname="marsrover.PointSpec" time="0.0"/>
  <testcase name="getForwardLocationShouldIncreasePointValueByOne" classname="marsrover.PointSpec" time="0.0"/>
  <testcase name="getBackwardLocationShouldSetValueToMaxLocationIfZeroLocationIsPassed" classname="marsrover.PointSpec" time="0.0"/>
  <system-out><![CDATA[]]></system-out>
  <system-err><![CDATA[]]></system-err>
</testsuite>
