<?xml version="1.0" encoding="UTF-8"?>
<testsuite name="marsrover.CoordinatesSpec" tests="7" skipped="0" failures="0" errors="0" timestamp="2015-02-28T23:41:42" hostname="Andrews-MacBook-Pro-3.local" time="0.04">
  <properties/>
  <testcase name="moveShouldDecreaseYWhenDirectionIsSouth" classname="marsrover.CoordinatesSpec" time="0.033"/>
  <testcase name="newInstanceShouldSetDirection" classname="marsrover.CoordinatesSpec" time="0.002"/>
  <testcase name="moveShouldIncreaseYWhenDirectionIsNorth" classname="marsrover.CoordinatesSpec" time="0.0"/>
  <testcase name="toStringShouldReturnXandY" classname="marsrover.CoordinatesSpec" time="0.002"/>
  <testcase name="newInstanceShouldSetXAndYParams" classname="marsrover.CoordinatesSpec" time="0.0"/>
  <testcase name="moveShouldIncreaseXWhenDirectionIsEast" classname="marsrover.CoordinatesSpec" time="0.0"/>
  <testcase name="moveShouldDecreaseXWhenDirectionIsWest" classname="marsrover.CoordinatesSpec" time="0.0"/>
  <system-out><![CDATA[]]></system-out>
  <system-err><![CDATA[]]></system-err>
</testsuite>
