<?xml version="1.0" encoding="UTF-8"?>
<testsuite name="marsrover.PointSpec" tests="1" skipped="0" failures="0" errors="0" timestamp="2015-02-27T10:27:41" hostname="Andrews-MacBook-Pro-3.local" time="0.042">
  <properties/>
  <testcase name="newInstanceShouldSetLocationAndMaxLocationParams" classname="marsrover.PointSpec" time="0.042"/>
  <system-out><![CDATA[]]></system-out>
  <system-err><![CDATA[]]></system-err>
</testsuite>
